d:\game202 - object oriented programming\game202 - labs\lab7\infinite runner\debug\vc141.pdb
d:\game202 - object oriented programming\game202 - labs\lab7\infinite runner\debug\vc141.idb
d:\game202 - object oriented programming\game202 - labs\lab7\infinite runner\debug\character.obj
d:\game202 - object oriented programming\game202 - labs\lab7\infinite runner\debug\loop.obj
d:\game202 - object oriented programming\game202 - labs\lab7\infinite runner\debug\init.obj
d:\game202 - object oriented programming\game202 - labs\lab7\infinite runner\debug\event.obj
d:\game202 - object oriented programming\game202 - labs\lab7\infinite runner\debug\cleanup.obj
d:\game202 - object oriented programming\game202 - labs\lab7\infinite runner\debug\game.obj
d:\game202 - object oriented programming\game202 - labs\lab7\infinite runner\debug\level.obj
d:\game202 - object oriented programming\game202 - labs\lab7\infinite runner\debug\collisiondetection.obj
d:\game202 - object oriented programming\game202 - labs\lab7\infinite runner\debug\collider.obj
d:\game202 - object oriented programming\game202 - labs\lab7\infinite runner\debug\render.obj
d:\game202 - object oriented programming\game202 - labs\lab7\infinite runner\debug\background.obj
d:\game202 - object oriented programming\game202 - labs\lab7\infinite runner\debug\runner.exe
d:\game202 - object oriented programming\game202 - labs\lab7\infinite runner\debug\runner.ilk
d:\game202 - object oriented programming\game202 - labs\lab7\infinite runner\debug\runner.pdb
d:\game202 - object oriented programming\game202 - labs\lab7\infinite runner\debug\runner.tlog\cl.command.1.tlog
d:\game202 - object oriented programming\game202 - labs\lab7\infinite runner\debug\runner.tlog\cl.read.1.tlog
d:\game202 - object oriented programming\game202 - labs\lab7\infinite runner\debug\runner.tlog\cl.write.1.tlog
d:\game202 - object oriented programming\game202 - labs\lab7\infinite runner\debug\runner.tlog\link.command.1.tlog
d:\game202 - object oriented programming\game202 - labs\lab7\infinite runner\debug\runner.tlog\link.read.1.tlog
d:\game202 - object oriented programming\game202 - labs\lab7\infinite runner\debug\runner.tlog\link.write.1.tlog
